"D:/UE4/Projects/TestingGround/Content/DeckEnum.uasset" 0
"D:/UE4/Projects/TestingGround/Content/Audio/atmosbasement_wav.uasset" 1
"D:/UE4/Projects/TestingGround/Content/Audio/atmosbasement_wav_Cue.uasset" 2
"D:/UE4/Projects/TestingGround/Content/Blueprints/Cards/Card_Data_Struc.uasset" 3
"D:/UE4/Projects/TestingGround/Content/Blueprints/Cards/AI_Card_Data_Table.uasset" 4
"../../../Engine/Content/BasicShapes/BasicShapeMaterial.uasset" 5
"../../../Engine/Content/Functions/Engine_MaterialFunctions01/Opacity/CameraDepthFade.uasset" 6
"../../../Engine/Content/EngineMaterials/T_Default_Material_Grid_M.uasset" 7
"../../../Engine/Content/EngineMaterials/T_Default_Material_Grid_N.uasset" 8
"../../../Engine/Content/EngineMaterials/WorldGridMaterial.uasset" 9
"../../../Engine/Content/BasicShapes/Cube.uasset" 10
"D:/UE4/Projects/TestingGround/Content/Blueprints/Cards/FakeCard-ChangeToMesh.uasset" 11
"D:/UE4/Projects/TestingGround/Content/CardCombatInterface.uasset" 12
"D:/UE4/Projects/TestingGround/Content/Blueprints/Managers/CardCombatManager.uasset" 13
"../../../Engine/Content/EditorBlueprintResources/StandardMacros.uasset" 14
"D:/UE4/Projects/TestingGround/Content/Blueprints/Controller/CardPlayerController.uasset" 15
"D:/UE4/Projects/TestingGround/Content/Blueprints/GameState/GameStatesEnum.uasset" 16
"D:/UE4/Projects/TestingGround/Content/Blueprints/GameState/Card_GameState.uasset" 17
"D:/UE4/Projects/TestingGround/Content/Blueprints/Pawn/Player1Pawn.uasset" 18
"D:/UE4/Projects/TestingGround/Content/Blueprints/Cards/Card_Data_Table.uasset" 19
"D:/UE4/Projects/TestingGround/Content/Blueprints/Cards/CardStateEnum.uasset" 20
"D:/UE4/Projects/TestingGround/Content/Blueprints/GameState/Card_GameMode.uasset" 21
"D:/UE4/Projects/TestingGround/Content/Widgets/InGame/Graveyard_Slider.uasset" 22
"D:/UE4/Projects/TestingGround/Content/Blueprints/Cards/BaseCard.uasset" 23
"D:/UE4/Projects/TestingGround/Content/Blueprints/Managers/DrawManager.uasset" 24
"D:/UE4/Projects/TestingGround/Content/Blueprints/Managers/RatKingCardManager.uasset" 25
"D:/UE4/Projects/TestingGround/Content/Blueprints/Managers/ShuffleManager.uasset" 26
"D:/UE4/Projects/TestingGround/Content/Blueprints/Pawn/Player2Pawn.uasset" 27
"D:/UE4/Projects/TestingGround/Content/Materials/RampMaterial.uasset" 28
"../../../Engine/Content/ArtTools/RenderToTexture/Meshes/S_1_Unit_Plane.uasset" 29
"../../../Engine/Content/EngineMaterials/DefaultMaterial.uasset" 30
"../../../Engine/Content/BasicShapes/Cone.uasset" 31
"../../../Engine/Content/BasicShapes/Cylinder.uasset" 32
"../../../Engine/Content/BasicShapes/Plane.uasset" 33
"../../../Engine/Content/BasicShapes/Sphere.uasset" 34
"../../../Engine/Content/EditorLandscapeResources/DataLayer.uasset" 35
"../../../Engine/Content/EditorMaterials/GizmoMaterial.uasset" 36
"../../../Engine/Content/EditorMaterials/MAT_Groups_Toggle.uasset" 37
"../../../Engine/Content/EditorMaterials/MAT_Groups_Visibility.uasset" 38
"../../../Engine/Content/EditorMaterials/PreviewShadowIndicator.uasset" 39
"../../../Engine/Content/EditorMaterials/PreviewShadowIndicatorMaterial.uasset" 40
"../../../Engine/Content/EditorMaterials/MatineeGroups/MAT_ColorTrack.uasset" 41
"../../../Engine/Content/EditorMaterials/MatineeGroups/MAT_Groups_Anim.uasset" 42
"../../../Engine/Content/EditorMaterials/MatineeGroups/MAT_Groups_AudioMaster.uasset" 43
"../../../Engine/Content/EditorMaterials/MatineeGroups/MAT_Groups_Director.uasset" 44
"../../../Engine/Content/EditorMaterials/MatineeGroups/MAT_Groups_Event.uasset" 45
"../../../Engine/Content/EditorMaterials/MatineeGroups/MAT_Groups_Fade.uasset" 46
"../../../Engine/Content/EditorMaterials/MatineeGroups/MAT_Groups_Float.uasset" 47
"../../../Engine/Content/EditorMaterials/MatineeGroups/MAT_Groups_Move.uasset" 48
"../../../Engine/Content/EditorMaterials/MatineeGroups/MAT_Groups_Slomo.uasset" 49
"../../../Engine/Content/EditorMaterials/MatineeGroups/MAT_Groups_Sound.uasset" 50
"../../../Engine/Content/EditorMaterials/MatineeGroups/MAT_Groups_Vector.uasset" 51
"../../../Engine/Content/EditorMaterials/ParticleSystems/PSysThumbnail_NoImage.uasset" 52
"../../../Engine/Content/EditorMaterials/ParticleSystems/PSysThumbnail_OOD.uasset" 53
"../../../Engine/Content/EditorMaterials/Camera/CineMat.uasset" 54
"../../../Engine/Content/EditorMaterials/Camera/MI_CineMat_Rig.uasset" 55
"../../../Engine/Content/EditorMeshes/Camera/SM_CraneRig_Arm.uasset" 56
"../../../Engine/Content/EditorMeshes/Camera/SM_CraneRig_Base.uasset" 57
"../../../Engine/Content/EditorMeshes/Camera/SM_CraneRig_Body.uasset" 58
"../../../Engine/Content/EditorMeshes/Camera/SM_CraneRig_Mount.uasset" 59
"../../../Engine/Content/EditorMeshes/Camera/SM_RailRig_Mount.uasset" 60
"../../../Engine/Content/EditorMeshes/Camera/SM_RailRig_Track.uasset" 61
"../../../Engine/Content/EditorResources/BSPVertex.uasset" 62
"../../../Engine/Content/EditorResources/EmptyActor.uasset" 63
"../../../Engine/Content/EditorResources/S_Actor.uasset" 64
"../../../Engine/Content/EditorResources/S_Trigger.uasset" 65
"../../../Engine/Content/EditorResources/LightIcons/S_LightError.uasset" 66
"../../../Engine/Content/EditorResources/SequenceRecorder/Countdown.uasset" 67
"../../../Engine/Content/EditorResources/SequenceRecorder/RecordingIndicator.uasset" 68
"../../../Engine/Content/EditorSounds/Notifications/CompileFailed.uasset" 69
"../../../Engine/Content/EditorSounds/Notifications/CompileFailed_Cue.uasset" 70
"../../../Engine/Content/EditorSounds/Notifications/CompileSuccess.uasset" 71
"../../../Engine/Content/EditorSounds/Notifications/CompileStart_Cue.uasset" 72
"../../../Engine/Content/EditorSounds/Notifications/CompileSuccess_Cue.uasset" 73
"../../../Engine/Content/EngineDamageTypes/DmgTypeBP_Environmental.uasset" 74
"../../../Engine/Content/EngineDebugMaterials/HeatmapGradient.uasset" 75
"../../../Engine/Content/EngineDebugMaterials/BoneWeightMaterial.uasset" 76
"../../../Engine/Content/EngineDebugMaterials/ClothMaterial.uasset" 77
"../../../Engine/Content/EngineDebugMaterials/ClothMaterial_WF.uasset" 78
"../../../Engine/Content/EngineDebugMaterials/DebugEditorMaterial.uasset" 79
"../../../Engine/Content/EngineDebugMaterials/DebugMeshMaterial.uasset" 80
"../../../Engine/Content/EngineDebugMaterials/GeomMaterial.uasset" 81
"../../../Engine/Content/EngineDebugMaterials/M_SimpleTranslucent.uasset" 82
"../../../Engine/Content/EngineFonts/Faces/RobotoBold.uasset" 83
"../../../Engine/Content/EngineFonts/Faces/RobotoBoldItalic.uasset" 84
"../../../Engine/Content/EngineFonts/Faces/RobotoItalic.uasset" 85
"../../../Engine/Content/EngineFonts/Faces/RobotoLight.uasset" 86
"../../../Engine/Content/EngineFonts/Faces/RobotoRegular.uasset" 87
"../../../Engine/Content/EngineFonts/Roboto.uasset" 88
"../../../Engine/Content/EngineFonts/Faces/RobotoTiny.uasset" 89
"../../../Engine/Content/EngineFonts/RobotoTiny.uasset" 90
"../../../Engine/Content/EngineMaterials/BaseFlattenDiffuseMap.uasset" 91
"../../../Engine/Content/EngineMaterials/BaseFlattenEmissiveMap.uasset" 92
"../../../Engine/Content/EngineMaterials/BaseFlattenGrayscaleMap.uasset" 93
"../../../Engine/Content/EngineMaterials/BaseFlattenNormalMap.uasset" 94
"../../../Engine/Content/EngineMaterials/BaseFlattenMaterial.uasset" 95
"../../../Engine/Content/EngineMaterials/DefaultBloomKernel.uasset" 96
"../../../Engine/Content/EngineMaterials/DefaultBokeh.uasset" 97
"../../../Engine/Content/EngineMaterials/DefaultDiffuse.uasset" 98
"../../../Engine/Content/EngineMaterials/DefaultDeferredDecalMaterial.uasset" 99
"../../../Engine/Content/EngineMaterials/DefaultLightFunctionMaterial.uasset" 100
"../../../Engine/Content/EngineMaterials/DefaultPhysicalMaterial.uasset" 101
"../../../Engine/Content/Functions/Engine_MaterialFunctions02/Utility/BreakOutFloat2Components.uasset" 102
"../../../Engine/Content/EngineMaterials/DefaultPostProcessMaterial.uasset" 103
"../../../Engine/Content/EngineFonts/RobotoDistanceField.uasset" 104
"../../../Engine/Content/EngineMaterials/DefaultTextMaterialOpaque.uasset" 105
"../../../Engine/Content/EngineMaterials/DefaultWhiteGrid.uasset" 106
"../../../Engine/Content/EngineMaterials/EditorBrushMaterial.uasset" 107
"../../../Engine/Content/EngineMaterials/Good64x64TilingNoiseHighFreq.uasset" 108
"../../../Engine/Content/EngineMaterials/MiniFont.uasset" 109
"../../../Engine/Content/EngineMaterials/InvalidLightmapSettings.uasset" 110
"../../../Engine/Content/EngineMaterials/M_InvalidLightmapSettings.uasset" 111
"../../../Engine/Content/Functions/Engine_MaterialFunctions02/WorldPositionOffset/CameraOffset.uasset" 112
"../../../Engine/Content/EngineMaterials/PhAT_JointLimitMaterial.uasset" 113
"../../../Engine/Content/EngineMaterials/PreintegratedSkinBRDF.uasset" 114
"../../../Engine/Content/EngineMaterials/RemoveSurfaceMaterial.uasset" 115
"../../../Engine/Content/EngineMaterials/WeightMapPlaceholderTexture.uasset" 116
"../../../Engine/Content/EngineResources/WhiteSquareTexture.uasset" 117
"../../../Engine/Content/EngineMaterials/Widget3DPassThrough.uasset" 118
"../../../Engine/Content/EngineMaterials/Widget3DPassThrough_Masked.uasset" 119
"../../../Engine/Content/EngineMaterials/Widget3DPassThrough_Opaque.uasset" 120
"../../../Engine/Content/EngineMaterials/Widget3DPassThrough_Masked_OneSided.uasset" 121
"../../../Engine/Content/EngineMaterials/Widget3DPassThrough_Opaque_OneSided.uasset" 122
"../../../Engine/Content/EngineMaterials/Widget3DPassThrough_Translucent.uasset" 123
"../../../Engine/Content/EngineMaterials/Widget3DPassThrough_Translucent_OneSided.uasset" 124
"../../../Engine/Content/EngineMeshes/Cylinder.uasset" 125
"../../../Engine/Content/EngineMeshes/Sphere.uasset" 126
"../../../Engine/Content/EngineResources/Black.uasset" 127
"../../../Engine/Content/EngineResources/DefaultTexture.uasset" 128
"../../../Engine/Content/EngineResources/DefaultTextureCube.uasset" 129
"../../../Engine/Content/EngineResources/DefaultVolumeTexture2D.uasset" 130
"../../../Engine/Content/EngineResources/DefaultVolumeTexture.uasset" 131
"../../../Engine/Content/EngineResources/GradientTexture0.uasset" 132
"../../../Engine/Content/EngineSounds/Master.uasset" 133
"../../../Engine/Content/Functions/Engine_MaterialFunctions01/Shading/ConvertFromDiffSpec.uasset" 134
"../../../Engine/Content/Functions/Engine_MaterialFunctions01/Shading/PowerToRoughness.uasset" 135
"../../../Engine/Content/Maps/Templates/Thumbnails/Default.uasset" 136
"../../../Engine/Content/Maps/Templates/Thumbnails/VR-Basic.uasset" 137
"../../../Engine/Content/MobileResources/T_MobileControls_texture.uasset" 138
"../../../Engine/Content/MobileResources/T_MobileMenu2.uasset" 139
"../../../Engine/Content/MobileResources/HUD/AnalogHat.uasset" 140
"../../../Engine/Content/MobileResources/HUD/VirtualJoystick_Background.uasset" 141
"../../../Engine/Content/MobileResources/HUD/VirtualJoystick_Thumb.uasset" 142
"../../../Engine/Content/MobileResources/HUD/DefaultVirtualJoysticks.uasset" 143
"../../../Engine/Content/MobileResources/HUD/LeftVirtualJoystickOnly.uasset" 144
"../../../Engine/Content/MobileResources/HUD/MobileHUDButton1_off.uasset" 145
"../../../Engine/Content/MobileResources/HUD/MobileHUDButton1_on.uasset" 146
"../../../Engine/Content/MobileResources/HUD/MobileHUDButton2_off.uasset" 147
"../../../Engine/Content/MobileResources/HUD/MobileHUDButton2_on.uasset" 148
"../../../Engine/Content/MobileResources/HUD/MobileHUDButton3.uasset" 149
"../../../Engine/Content/MobileResources/HUD/MobileHUDButtonFire.uasset" 150
"../../../Engine/Content/MobileResources/HUD/MobileHUDDirectionPad.uasset" 151
"../../../Engine/Content/MobileResources/HUD/MobileHUDDirectionPad2.uasset" 152
"../../../Engine/Content/MobileResources/HUD/MobileHUDDirectionPad3.uasset" 153
"../../../Engine/Content/MobileResources/HUD/MobileHUDDirectionStick.uasset" 154
"../../../Engine/Content/MobileResources/HUD/T_Castle_ThumbstickInner.uasset" 155
"../../../Engine/Content/MobileResources/HUD/T_Castle_ThumbstickOutter.uasset" 156
"../../../Engine/Content/Tutorial/ContentIntroCurve.uasset" 157
"../../../Engine/Content/Tutorial/Basics/TutorialAssets/icon_tab_Levels_40x.uasset" 158
"../../../Engine/Content/Tutorial/BlueprintTutorials/TutorialAssets/Blueprint_64x.uasset" 159
"../../../Engine/Content/Tutorial/Foliage/TutorialAssets/Foliage.uasset" 160
"../../../Engine/Content/Tutorial/Landscape/TutorialAssets/Landscape.uasset" 161
"../../../Engine/Content/VREditor/LaserPointer/VR_LaserPower_01.uasset" 162
"../../../Engine/Content/VREditor/TransformGizmo/TransformGizmoMaterial.uasset" 163
"../../../Engine/Content/VREditor/TransformGizmo/TranslucentTransformGizmoMaterial.uasset" 164
"../../../Engine/Content/VREditor/TransformGizmo/BoundingBoxCorner.uasset" 165
"../../../Engine/Content/VREditor/TransformGizmo/BoundingBoxEdge.uasset" 166
"../../../Engine/Content/VREditor/TransformGizmo/PlaneTranslationHandle.uasset" 167
"../../../Engine/Content/VREditor/TransformGizmo/Main.uasset" 168
"../../../Engine/Content/VREditor/TransformGizmo/Xray.uasset" 169
"../../../Engine/Content/VREditor/TransformGizmo/SM_Sequencer_Key.uasset" 170
"../../../Engine/Content/VREditor/TransformGizmo/SM_Sequencer_Node.uasset" 171
"../../Plugins/2D/Paper2D/Content/PlaceholderTextures/DummySpriteTexture.uasset" 172
"../../Plugins/2D/Paper2D/Content/DummySprite.uasset" 173
"../../Plugins/2D/Paper2D/Content/DefaultPaperTerrainMaterial.uasset" 174
"../../Plugins/2D/Paper2D/Content/DefaultSpriteMaterial.uasset" 175
"../../Plugins/2D/Paper2D/Content/MaskedUnlitSpriteMaterial.uasset" 176
"../../Plugins/2D/Paper2D/Content/OpaqueUnlitSpriteMaterial.uasset" 177
"../../Plugins/Runtime/Oculus/OculusVR/Content/Materials/PokeAHoleMaterial.uasset" 178
"../../Plugins/Runtime/Oculus/OculusVR/Content/Textures/GearVRController_AO.uasset" 179
"../../Plugins/Runtime/Oculus/OculusVR/Content/Textures/GearVRController_Color.uasset" 180
"../../Plugins/Runtime/Oculus/OculusVR/Content/Textures/GearVRController_Normal.uasset" 181
"../../Plugins/Runtime/Oculus/OculusVR/Content/Materials/GearVRControllerMaterial.uasset" 182
"../../Plugins/Runtime/Oculus/OculusVR/Content/Meshes/GearVrController.uasset" 183
"../../Plugins/Runtime/Oculus/OculusVR/Content/Textures/touchController_albedo.uasset" 184
"../../Plugins/Runtime/Oculus/OculusVR/Content/Textures/touchController_controlmap.uasset" 185
"../../Plugins/Runtime/Oculus/OculusVR/Content/Materials/touchController_mat.uasset" 186
"../../Plugins/Runtime/Oculus/OculusVR/Content/Meshes/LeftTouchController.uasset" 187
"../../Plugins/Runtime/Oculus/OculusVR/Content/Meshes/RiftHMD.uasset" 188
"../../Plugins/Runtime/Oculus/OculusVR/Content/Meshes/RightTouchController.uasset" 189
"D:/UE4/Projects/TestingGround/Content/Blueprints/AI/AI_State.uasset" 190
"D:/UE4/Projects/TestingGround/Content/Blueprints/AI/AI_Blackboard.uasset" 191
"D:/UE4/Projects/TestingGround/Content/Blueprints/AI/AI_Behaviour_Tree.uasset" 192
"D:/UE4/Projects/TestingGround/Content/Blueprints/AI/AI_Enemy_Controller.uasset" 193
"D:/UE4/Projects/TestingGround/Content/Blueprints/Cards/AI_Cards.uasset" 194
"D:/UE4/Projects/TestingGround/Content/Blueprints/AI/AI_Pawn.uasset" 195
"D:/UE4/Projects/TestingGround/Content/Blueprints/AI/AI_Manager.uasset" 196
"D:/UE4/Projects/TestingGround/Content/Blueprints/Board/AI_Board.uasset" 197
"D:/UE4/Projects/TestingGround/Content/Blueprints/Board/PlayerBoard.uasset" 198
"D:/UE4/Projects/TestingGround/Content/Blueprints/SewerTrash.uasset" 199
"D:/UE4/Projects/TestingGround/Content/Blueprints/SewerTrashSpawner.uasset" 200
"D:/UE4/Projects/TestingGround/Content/Maps/Levels/Level1_BuiltData.uasset" 201
"D:/UE4/Projects/TestingGround/Content/Materials/CubeMaterial.uasset" 202
"D:/UE4/Projects/TestingGround/Content/Widgets/InGame/UI_PlayerHud.uasset" 203
"D:/UE4/Projects/TestingGround/Content/Maps/Levels/Level1.umap" 204
"D:/UE4/Projects/TestingGround/Content/Widgets/Menus/UI_MainMenu.uasset" 205
"D:/UE4/Projects/TestingGround/Content/Maps/MainMenu/MainMenu.umap" 206
"../../../Engine/Content/Maps/Entry_BuiltData.uasset" 207
"../../../Engine/Content/Maps/Entry.umap" 208
